[debug] [2020-10-06T19:13:31.668Z] ----------------------------------------------------------------------
[debug] [2020-10-06T19:13:31.671Z] Command:       C:\Program Files\nodejs\node.exe C:\Users\hp\AppData\Roaming\npm\node_modules\firebase-tools\lib\bin\firebase.js deploy
[debug] [2020-10-06T19:13:31.672Z] CLI Version:   8.11.2
[debug] [2020-10-06T19:13:31.672Z] Platform:      win32
[debug] [2020-10-06T19:13:31.672Z] Node Version:  v12.18.3
[debug] [2020-10-06T19:13:31.674Z] Time:          Wed Oct 07 2020 00:43:31 GMT+0530 (India Standard Time)
[debug] [2020-10-06T19:13:31.674Z] ----------------------------------------------------------------------
[debug] [2020-10-06T19:13:31.675Z] 
[debug] [2020-10-06T19:13:31.688Z] > command requires scopes: ["email","openid","https://www.googleapis.com/auth/cloudplatformprojects.readonly","https://www.googleapis.com/auth/firebase","https://www.googleapis.com/auth/cloud-platform"]
[debug] [2020-10-06T19:13:31.688Z] > authorizing via signed-in user
[debug] [2020-10-06T19:13:31.689Z] [iam] checking project sprint-code-application for permissions ["firebase.projects.get","firebasehosting.sites.update"]
[debug] [2020-10-06T19:13:31.695Z] >>> HTTP REQUEST POST https://cloudresourcemanager.googleapis.com/v1/projects/sprint-code-application:testIamPermissions  
 {"permissions":["firebase.projects.get","firebasehosting.sites.update"]}
[debug] [2020-10-06T19:13:33.598Z] <<< HTTP RESPONSE 200 {"content-type":"application/json; charset=UTF-8","vary":"X-Origin, Referer, Origin,Accept-Encoding","date":"Tue, 06 Oct 2020 19:13:33 GMT","server":"ESF","cache-control":"private","x-xss-protection":"0","x-frame-options":"SAMEORIGIN","x-content-type-options":"nosniff","server-timing":"gfet4t7; dur=1357","alt-svc":"h3-Q050=\":443\"; ma=2592000,h3-29=\":443\"; ma=2592000,h3-27=\":443\"; ma=2592000,h3-T051=\":443\"; ma=2592000,h3-T050=\":443\"; ma=2592000,h3-Q046=\":443\"; ma=2592000,h3-Q043=\":443\"; ma=2592000,quic=\":443\"; ma=2592000; v=\"46,43\"","accept-ranges":"none","transfer-encoding":"chunked"}
[debug] [2020-10-06T19:13:33.603Z] >>> HTTP REQUEST GET https://firebase.googleapis.com/v1beta1/projects/sprint-code-application  
 
[debug] [2020-10-06T19:13:34.059Z] <<< HTTP RESPONSE 200 {"content-type":"application/json; charset=UTF-8","vary":"X-Origin, Referer, Origin,Accept-Encoding","date":"Tue, 06 Oct 2020 19:13:33 GMT","server":"ESF","cache-control":"private","x-xss-protection":"0","x-frame-options":"SAMEORIGIN","x-content-type-options":"nosniff","alt-svc":"h3-Q050=\":443\"; ma=2592000,h3-29=\":443\"; ma=2592000,h3-27=\":443\"; ma=2592000,h3-T051=\":443\"; ma=2592000,h3-T050=\":443\"; ma=2592000,h3-Q046=\":443\"; ma=2592000,h3-Q043=\":443\"; ma=2592000,quic=\":443\"; ma=2592000; v=\"46,43\"","accept-ranges":"none","transfer-encoding":"chunked"}
[info] 
[info] === Deploying to 'sprint-code-application'...
[info] 
[info] i  deploying hosting 
[debug] [2020-10-06T19:13:34.076Z] >>> HTTP REQUEST POST https://firebasehosting.googleapis.com/v1beta1/sites/sprint-code-application/versions  
 {"config":{"rewrites":[{"glob":"**","path":"/index.html"}]},"labels":{"deployment-tool":"cli-firebase"}}
[debug] [2020-10-06T19:13:36.146Z] <<< HTTP RESPONSE 200 {"content-type":"application/json; charset=UTF-8","vary":"X-Origin, Referer, Origin,Accept-Encoding","date":"Tue, 06 Oct 2020 19:13:35 GMT","server":"ESF","cache-control":"private","x-xss-protection":"0","x-frame-options":"SAMEORIGIN","x-content-type-options":"nosniff","alt-svc":"h3-Q050=\":443\"; ma=2592000,h3-29=\":443\"; ma=2592000,h3-27=\":443\"; ma=2592000,h3-T051=\":443\"; ma=2592000,h3-T050=\":443\"; ma=2592000,h3-Q046=\":443\"; ma=2592000,h3-Q043=\":443\"; ma=2592000,quic=\":443\"; ma=2592000; v=\"46,43\"","accept-ranges":"none","transfer-encoding":"chunked"}
[info] i  hosting[sprint-code-application]: beginning deploy... 
[info] i  hosting[sprint-code-application]: found 32 files in build 
[debug] [2020-10-06T19:13:37.350Z] [hosting] hash cache [YnVpbGQ] stored for 32 files
[debug] [2020-10-06T19:13:37.351Z] [hosting][hash queue][FINAL] {"max":1122,"min":12,"avg":119.4375,"active":0,"complete":32,"success":32,"errored":0,"retried":0,"total":32,"elapsed":1139}
[debug] [2020-10-06T19:13:37.352Z] >>> HTTP REQUEST POST https://firebasehosting.googleapis.com/v1beta1/sites/sprint-code-application/versions/509532d3c12e92d5:populateFiles  
 <request body omitted>
[debug] [2020-10-06T19:13:39.315Z] <<< HTTP RESPONSE 200 {"content-type":"application/json; charset=UTF-8","vary":"X-Origin, Referer, Origin,Accept-Encoding","date":"Tue, 06 Oct 2020 19:13:38 GMT","server":"ESF","cache-control":"private","x-xss-protection":"0","x-frame-options":"SAMEORIGIN","x-content-type-options":"nosniff","alt-svc":"h3-Q050=\":443\"; ma=2592000,h3-29=\":443\"; ma=2592000,h3-27=\":443\"; ma=2592000,h3-T051=\":443\"; ma=2592000,h3-T050=\":443\"; ma=2592000,h3-Q046=\":443\"; ma=2592000,h3-Q043=\":443\"; ma=2592000,quic=\":443\"; ma=2592000; v=\"46,43\"","accept-ranges":"none","transfer-encoding":"chunked"}
[debug] [2020-10-06T19:13:39.322Z] [hosting][populate queue][FINAL] {"max":1969,"min":1969,"avg":1969,"active":0,"complete":1,"success":1,"errored":0,"retried":0,"total":1,"elapsed":1974}
[debug] [2020-10-06T19:13:39.322Z] [hosting] uploads queued: 4
[debug] [2020-10-06T19:14:15.121Z] [uploadQueue] Retrying task d11f87e619c7a23490e51c672b10d9c110033d833a330d0ce6399dbde22e93f5
[debug] [2020-10-06T19:14:16.999Z] [hosting][upload queue][FINAL] {"max":2446,"min":1869,"avg":2031.5,"active":0,"complete":4,"success":4,"errored":0,"retried":1,"total":4,"elapsed":37683}
[info] +  hosting[sprint-code-application]: file upload complete 
[debug] [2020-10-06T19:14:17.005Z] [hosting] deploy completed after 40853ms
